# JRE version: OpenJDK Runtime Environment Temurin-21.0.9+10 (21.0.9+10) (build 21.0.9+10-LTS)
# Java VM: OpenJDK 64-Bit Server VM Temurin-21.0.9+10 (21.0.9+10-LTS, mixed mode, sharing, tiered, compressed oops, compressed class ptrs, parallel gc, windows-amd64)
GC Precious Log:
 CardTable entry size: 512
 CPUs: 4 total, 4 available
 Memory: 3499M
 Large Page Support: Disabled
 NUMA Support: Disabled
 Compressed Oops: Enabled (32-bit)
 Alignments: Space 512K, Generation 512K, Heap 2M
 Heap Min Capacity: 100M
 Heap Initial Capacity: 100M
 Heap Max Capacity: 2G
 Pre-touch: Disabled
 Parallel Workers: 4
Heap:
 PSYoungGen      total 32256K, used 31399K [0x00000000d5580000, 0x00000000d8680000, 0x0000000100000000)
  eden space 18432K, 96% used [0x00000000d5580000,0x00000000d66f0870,0x00000000d6780000)
  from space 13824K, 97% used [0x00000000d7900000,0x00000000d86393f0,0x00000000d8680000)
  to   space 14336K, 0% used [0x00000000d6a80000,0x00000000d6a80000,0x00000000d7880000)
 ParOldGen       total 103936K, used 103872K [0x0000000080000000, 0x0000000086580000, 0x00000000d5580000)
  object space 103936K, 99% used [0x0000000080000000,0x00000000865700e0,0x0000000086580000)
 Metaspace       used 60800K, committed 62272K, reserved 1114112K
  class space    used 6476K, committed 7104K, reserved 1048576K
GC Heap History (20 events):
Event: 86.541 GC heap before
{Heap before GC invocations=30 (full 2):
 PSYoungGen      total 24064K, used 23352K [0x00000000d5580000, 0x00000000d7180000, 0x0000000100000000)
  eden space 21504K, 100% used [0x00000000d5580000,0x00000000d6a80000,0x00000000d6a80000)
  from space 2560K, 72% used [0x00000000d6c80000,0x00000000d6e4e2e8,0x00000000d6f00000)
  to   space 2560K, 0% used [0x00000000d6f00000,0x00000000d6f00000,0x00000000d7180000)
 ParOldGen       total 68608K, used 40973K [0x0000000080000000, 0x0000000084300000, 0x00000000d5580000)
  object space 68608K, 59% used [0x0000000080000000,0x0000000082803468,0x0000000084300000)
 Metaspace       used 51909K, committed 53056K, reserved 1114112K
  class space    used 5601K, committed 6144K, reserved 1048576K
}
Event: 86.611 GC heap after
{Heap after GC invocations=30 (full 2):
 PSYoungGen      total 22528K, used 927K [0x00000000d5580000, 0x00000000d7000000, 0x0000000100000000)
  eden space 21504K, 0% used [0x00000000d5580000,0x00000000d5580000,0x00000000d6a80000)
  from space 1024K, 90% used [0x00000000d6f00000,0x00000000d6fe7e68,0x00000000d7000000)
  to   space 1536K, 0% used [0x00000000d6d00000,0x00000000d6d00000,0x00000000d6e80000)
 ParOldGen       total 68608K, used 41721K [0x0000000080000000, 0x0000000084300000, 0x00000000d5580000)
  object space 68608K, 60% used [0x0000000080000000,0x00000000828be6d0,0x0000000084300000)
 Metaspace       used 51909K, committed 53056K, reserved 1114112K
  class space    used 5601K, committed 6144K, reserved 1048576K
}
Event: 88.518 GC heap before
{Heap before GC invocations=31 (full 2):
 PSYoungGen      total 22528K, used 22431K [0x00000000d5580000, 0x00000000d7000000, 0x0000000100000000)
  eden space 21504K, 100% used [0x00000000d5580000,0x00000000d6a80000,0x00000000d6a80000)
  from space 1024K, 90% used [0x00000000d6f00000,0x00000000d6fe7e68,0x00000000d7000000)
  to   space 1536K, 0% used [0x00000000d6d00000,0x00000000d6d00000,0x00000000d6e80000)
 ParOldGen       total 68608K, used 41721K [0x0000000080000000, 0x0000000084300000, 0x00000000d5580000)
  object space 68608K, 60% used [0x0000000080000000,0x00000000828be6d0,0x0000000084300000)
 Metaspace       used 54365K, committed 55680K, reserved 1114112K
  class space    used 5859K, committed 6464K, reserved 1048576K
}
Event: 88.520 GC heap after
{Heap after GC invocations=31 (full 2):
 PSYoungGen      total 23040K, used 768K [0x00000000d5580000, 0x00000000d6f80000, 0x0000000100000000)
  eden space 21504K, 0% used [0x00000000d5580000,0x00000000d5580000,0x00000000d6a80000)
  from space 1536K, 50% used [0x00000000d6d00000,0x00000000d6dc0040,0x00000000d6e80000)
  to   space 1024K, 0% used [0x00000000d6e80000,0x00000000d6e80000,0x00000000d6f80000)
 ParOldGen       total 68608K, used 41737K [0x0000000080000000, 0x0000000084300000, 0x00000000d5580000)
  object space 68608K, 60% used [0x0000000080000000,0x00000000828c26d0,0x0000000084300000)
 Metaspace       used 54365K, committed 55680K, reserved 1114112K
  class space    used 5859K, committed 6464K, reserved 1048576K
}
Event: 92.324 GC heap before
{Heap before GC invocations=32 (full 2):
 PSYoungGen      total 23040K, used 22272K [0x00000000d5580000, 0x00000000d6f80000, 0x0000000100000000)
  eden space 21504K, 100% used [0x00000000d5580000,0x00000000d6a80000,0x00000000d6a80000)
  from space 1536K, 50% used [0x00000000d6d00000,0x00000000d6dc0040,0x00000000d6e80000)
  to   space 1024K, 0% used [0x00000000d6e80000,0x00000000d6e80000,0x00000000d6f80000)
 ParOldGen       total 68608K, used 41737K [0x0000000080000000, 0x0000000084300000, 0x00000000d5580000)
  object space 68608K, 60% used [0x0000000080000000,0x00000000828c26d0,0x0000000084300000)
 Metaspace       used 56958K, committed 58304K, reserved 1114112K
  class space    used 6110K, committed 6720K, reserved 1048576K
}
Event: 92.333 GC heap after
{Heap after GC invocations=32 (full 2):
 PSYoungGen      total 22528K, used 1008K [0x00000000d5580000, 0x00000000d6f80000, 0x0000000100000000)
  eden space 21504K, 0% used [0x00000000d5580000,0x00000000d5580000,0x00000000d6a80000)
  from space 1024K, 98% used [0x00000000d6e80000,0x00000000d6f7c060,0x00000000d6f80000)
  to   space 2560K, 0% used [0x00000000d6a80000,0x00000000d6a80000,0x00000000d6d00000)
 ParOldGen       total 68608K, used 42999K [0x0000000080000000, 0x0000000084300000, 0x00000000d5580000)
  object space 68608K, 62% used [0x0000000080000000,0x00000000829fdd88,0x0000000084300000)
 Metaspace       used 56958K, committed 58304K, reserved 1114112K
  class space    used 6110K, committed 6720K, reserved 1048576K
}
Event: 93.951 GC heap before
{Heap before GC invocations=33 (full 2):
 PSYoungGen      total 22528K, used 18377K [0x00000000d5580000, 0x00000000d6f80000, 0x0000000100000000)
  eden space 21504K, 80% used [0x00000000d5580000,0x00000000d6676648,0x00000000d6a80000)
  from space 1024K, 98% used [0x00000000d6e80000,0x00000000d6f7c060,0x00000000d6f80000)
  to   space 2560K, 0% used [0x00000000d6a80000,0x00000000d6a80000,0x00000000d6d00000)
 ParOldGen       total 68608K, used 42999K [0x0000000080000000, 0x0000000084300000, 0x00000000d5580000)
  object space 68608K, 62% used [0x0000000080000000,0x00000000829fdd88,0x0000000084300000)
 Metaspace       used 58411K, committed 59776K, reserved 1114112K
  class space    used 6265K, committed 6912K, reserved 1048576K
}
Event: 93.962 GC heap after
{Heap after GC invocations=33 (full 2):
 PSYoungGen      total 24064K, used 2552K [0x00000000d5580000, 0x00000000d7680000, 0x0000000100000000)
  eden space 21504K, 0% used [0x00000000d5580000,0x00000000d5580000,0x00000000d6a80000)
  from space 2560K, 99% used [0x00000000d6a80000,0x00000000d6cfe308,0x00000000d6d00000)
  to   space 6144K, 0% used [0x00000000d7080000,0x00000000d7080000,0x00000000d7680000)
 ParOldGen       total 68608K, used 45610K [0x0000000080000000, 0x0000000084300000, 0x00000000d5580000)
  object space 68608K, 66% used [0x0000000080000000,0x0000000082c8ab60,0x0000000084300000)
 Metaspace       used 58411K, committed 59776K, reserved 1114112K
  class space    used 6265K, committed 6912K, reserved 1048576K
}
Event: 93.962 GC heap before
{Heap before GC invocations=34 (full 3):
 PSYoungGen      total 24064K, used 2552K [0x00000000d5580000, 0x00000000d7680000, 0x0000000100000000)
  eden space 21504K, 0% used [0x00000000d5580000,0x00000000d5580000,0x00000000d6a80000)
  from space 2560K, 99% used [0x00000000d6a80000,0x00000000d6cfe308,0x00000000d6d00000)
  to   space 6144K, 0% used [0x00000000d7080000,0x00000000d7080000,0x00000000d7680000)
 ParOldGen       total 68608K, used 45610K [0x0000000080000000, 0x0000000084300000, 0x00000000d5580000)
  object space 68608K, 66% used [0x0000000080000000,0x0000000082c8ab60,0x0000000084300000)
 Metaspace       used 58411K, committed 59776K, reserved 1114112K
  class space    used 6265K, committed 6912K, reserved 1048576K
}
Event: 94.997 GC heap after
{Heap after GC invocations=34 (full 3):
 PSYoungGen      total 24064K, used 0K [0x00000000d5580000, 0x00000000d7680000, 0x0000000100000000)
  eden space 21504K, 0% used [0x00000000d5580000,0x00000000d5580000,0x00000000d6a80000)
  from space 2560K, 0% used [0x00000000d6a80000,0x00000000d6a80000,0x00000000d6d00000)
  to   space 6144K, 0% used [0x00000000d7080000,0x00000000d7080000,0x00000000d7680000)
 ParOldGen       total 68608K, used 41318K [0x0000000080000000, 0x0000000084300000, 0x00000000d5580000)
  object space 68608K, 60% used [0x0000000080000000,0x00000000828599f0,0x0000000084300000)
 Metaspace       used 58407K, committed 59776K, reserved 1114112K
  class space    used 6264K, committed 6912K, reserved 1048576K
}
Event: 98.987 GC heap before
{Heap before GC invocations=35 (full 3):
 PSYoungGen      total 24064K, used 20380K [0x00000000d5580000, 0x00000000d7680000, 0x0000000100000000)
  eden space 21504K, 94% used [0x00000000d5580000,0x00000000d69670f8,0x00000000d6a80000)
  from space 2560K, 0% used [0x00000000d6a80000,0x00000000d6a80000,0x00000000d6d00000)
  to   space 6144K, 0% used [0x00000000d7080000,0x00000000d7080000,0x00000000d7680000)
 ParOldGen       total 68608K, used 41318K [0x0000000080000000, 0x0000000084300000, 0x00000000d5580000)
  object space 68608K, 60% used [0x0000000080000000,0x00000000828599f0,0x0000000084300000)
 Metaspace       used 59836K, committed 61184K, reserved 1114112K
  class space    used 6411K, committed 6976K, reserved 1048576K
}
Event: 99.000 GC heap after
{Heap after GC invocations=35 (full 3):
 PSYoungGen      total 25600K, used 3691K [0x00000000d5580000, 0x00000000d7480000, 0x0000000100000000)
  eden space 21504K, 0% used [0x00000000d5580000,0x00000000d5580000,0x00000000d6a80000)
  from space 4096K, 90% used [0x00000000d7080000,0x00000000d741ace0,0x00000000d7480000)
  to   space 4608K, 0% used [0x00000000d6b80000,0x00000000d6b80000,0x00000000d7000000)
 ParOldGen       total 68608K, used 41326K [0x0000000080000000, 0x0000000084300000, 0x00000000d5580000)
  object space 68608K, 60% used [0x0000000080000000,0x000000008285b9f0,0x0000000084300000)
 Metaspace       used 59836K, committed 61184K, reserved 1114112K
  class space    used 6411K, committed 6976K, reserved 1048576K
}
Event: 99.759 GC heap before
{Heap before GC invocations=36 (full 3):
 PSYoungGen      total 25600K, used 19591K [0x00000000d5580000, 0x00000000d7480000, 0x0000000100000000)
  eden space 21504K, 73% used [0x00000000d5580000,0x00000000d65071c0,0x00000000d6a80000)
  from space 4096K, 90% used [0x00000000d7080000,0x00000000d741ace0,0x00000000d7480000)
  to   space 4608K, 0% used [0x00000000d6b80000,0x00000000d6b80000,0x00000000d7000000)
 ParOldGen       total 68608K, used 41326K [0x0000000080000000, 0x0000000084300000, 0x00000000d5580000)
  object space 68608K, 60% used [0x0000000080000000,0x000000008285b9f0,0x0000000084300000)
 Metaspace       used 59990K, committed 61376K, reserved 1114112K
  class space    used 6423K, committed 7040K, reserved 1048576K
}
Event: 99.773 GC heap after
{Heap after GC invocations=36 (full 3):
 PSYoungGen      total 24576K, used 2993K [0x00000000d5580000, 0x00000000d7180000, 0x0000000100000000)
  eden space 21504K, 0% used [0x00000000d5580000,0x00000000d5580000,0x00000000d6a80000)
  from space 3072K, 97% used [0x00000000d6b80000,0x00000000d6e6c4d8,0x00000000d6e80000)
  to   space 3072K, 0% used [0x00000000d6e80000,0x00000000d6e80000,0x00000000d7180000)
 ParOldGen       total 68608K, used 47274K [0x0000000080000000, 0x0000000084300000, 0x00000000d5580000)
  object space 68608K, 68% used [0x0000000080000000,0x0000000082e2a838,0x0000000084300000)
 Metaspace       used 59990K, committed 61376K, reserved 1114112K
  class space    used 6423K, committed 7040K, reserved 1048576K
}
Event: 100.911 GC heap before
{Heap before GC invocations=37 (full 3):
 PSYoungGen      total 24576K, used 24497K [0x00000000d5580000, 0x00000000d7180000, 0x0000000100000000)
  eden space 21504K, 100% used [0x00000000d5580000,0x00000000d6a80000,0x00000000d6a80000)
  from space 3072K, 97% used [0x00000000d6b80000,0x00000000d6e6c4d8,0x00000000d6e80000)
  to   space 3072K, 0% used [0x00000000d6e80000,0x00000000d6e80000,0x00000000d7180000)
 ParOldGen       total 91136K, used 84612K [0x0000000080000000, 0x0000000085900000, 0x00000000d5580000)
  object space 91136K, 92% used [0x0000000080000000,0x00000000852a1388,0x0000000085900000)
 Metaspace       used 60285K, committed 61696K, reserved 1114112K
  class space    used 6447K, committed 7040K, reserved 1048576K
}
Event: 101.008 GC heap after
{Heap after GC invocations=37 (full 3):
 PSYoungGen      total 21504K, used 3058K [0x00000000d5580000, 0x00000000d7880000, 0x0000000100000000)
  eden space 18432K, 0% used [0x00000000d5580000,0x00000000d5580000,0x00000000d6780000)
  from space 3072K, 99% used [0x00000000d6e80000,0x00000000d717c9b0,0x00000000d7180000)
  to   space 7168K, 0% used [0x00000000d6780000,0x00000000d6780000,0x00000000d6e80000)
 ParOldGen       total 91136K, used 88099K [0x0000000080000000, 0x0000000085900000, 0x00000000d5580000)
  object space 91136K, 96% used [0x0000000080000000,0x0000000085608fd8,0x0000000085900000)
 Metaspace       used 60285K, committed 61696K, reserved 1114112K
  class space    used 6447K, committed 7040K, reserved 1048576K
}
Event: 101.275 GC heap before
{Heap before GC invocations=38 (full 3):
 PSYoungGen      total 21504K, used 21490K [0x00000000d5580000, 0x00000000d7880000, 0x0000000100000000)
  eden space 18432K, 100% used [0x00000000d5580000,0x00000000d6780000,0x00000000d6780000)
  from space 3072K, 99% used [0x00000000d6e80000,0x00000000d717c9b0,0x00000000d7180000)
  to   space 7168K, 0% used [0x00000000d6780000,0x00000000d6780000,0x00000000d6e80000)
 ParOldGen       total 91136K, used 88099K [0x0000000080000000, 0x0000000085900000, 0x00000000d5580000)
  object space 91136K, 96% used [0x0000000080000000,0x0000000085608fd8,0x0000000085900000)
 Metaspace       used 60410K, committed 61824K, reserved 1114112K
  class space    used 6449K, committed 7040K, reserved 1048576K
}
Event: 101.363 GC heap after
{Heap after GC invocations=38 (full 3):
 PSYoungGen      total 25600K, used 7168K [0x00000000d5580000, 0x00000000d8a80000, 0x0000000100000000)
  eden space 18432K, 0% used [0x00000000d5580000,0x00000000d5580000,0x00000000d6780000)
  from space 7168K, 100% used [0x00000000d6780000,0x00000000d6e80000,0x00000000d6e80000)
  to   space 17920K, 0% used [0x00000000d7900000,0x00000000d7900000,0x00000000d8a80000)
 ParOldGen       total 96768K, used 96728K [0x0000000080000000, 0x0000000085e80000, 0x00000000d5580000)
  object space 96768K, 99% used [0x0000000080000000,0x0000000085e760e0,0x0000000085e80000)
 Metaspace       used 60410K, committed 61824K, reserved 1114112K
  class space    used 6449K, committed 7040K, reserved 1048576K
}
Event: 101.572 GC heap before
{Heap before GC invocations=39 (full 3):
 PSYoungGen      total 25600K, used 25600K [0x00000000d5580000, 0x00000000d8a80000, 0x0000000100000000)
  eden space 18432K, 100% used [0x00000000d5580000,0x00000000d6780000,0x00000000d6780000)
  from space 7168K, 100% used [0x00000000d6780000,0x00000000d6e80000,0x00000000d6e80000)
  to   space 17920K, 0% used [0x00000000d7900000,0x00000000d7900000,0x00000000d8a80000)
 ParOldGen       total 96768K, used 96728K [0x0000000080000000, 0x0000000085e80000, 0x00000000d5580000)
  object space 96768K, 99% used [0x0000000080000000,0x0000000085e760e0,0x0000000085e80000)
 Metaspace       used 60429K, committed 61824K, reserved 1114112K
  class space    used 6451K, committed 7040K, reserved 1048576K
}
Event: 101.646 GC heap after
{Heap after GC invocations=39 (full 3):
 PSYoungGen      total 32256K, used 13540K [0x00000000d5580000, 0x00000000d8680000, 0x0000000100000000)
  eden space 18432K, 0% used [0x00000000d5580000,0x00000000d5580000,0x00000000d6780000)
  from space 13824K, 97% used [0x00000000d7900000,0x00000000d86393f0,0x00000000d8680000)
  to   space 14336K, 0% used [0x00000000d6a80000,0x00000000d6a80000,0x00000000d7880000)
 ParOldGen       total 103936K, used 103872K [0x0000000080000000, 0x0000000086580000, 0x00000000d5580000)
  object space 103936K, 99% used [0x0000000080000000,0x00000000865700e0,0x0000000086580000)
 Metaspace       used 60429K, committed 61824K, reserved 1114112K
  class space    used 6451K, committed 7040K, reserved 1048576K
}

