# JRE version: OpenJDK Runtime Environment Temurin-21.0.9+10 (21.0.9+10) (build 21.0.9+10-LTS)
# Java VM: OpenJDK 64-Bit Server VM Temurin-21.0.9+10 (21.0.9+10-LTS, mixed mode, sharing, tiered, compressed oops, compressed class ptrs, parallel gc, windows-amd64)
GC Precious Log:
 CardTable entry size: 512
 CPUs: 4 total, 4 available
 Memory: 3499M
 Large Page Support: Disabled
 NUMA Support: Disabled
 Compressed Oops: Enabled (32-bit)
 Alignments: Space 512K, Generation 512K, Heap 2M
 Heap Min Capacity: 100M
 Heap Initial Capacity: 100M
 Heap Max Capacity: 2G
 Pre-touch: Disabled
 Parallel Workers: 4
Heap:
 PSYoungGen      total 20992K, used 4362K [0x00000000d5580000, 0x00000000d6e00000, 0x0000000100000000)
  eden space 19456K, 18% used [0x00000000d5580000,0x00000000d58fee60,0x00000000d6880000)
  from space 1536K, 50% used [0x00000000d6b80000,0x00000000d6c43c58,0x00000000d6d00000)
  to   space 1024K, 0% used [0x00000000d6d00000,0x00000000d6d00000,0x00000000d6e00000)
 ParOldGen       total 68608K, used 54102K [0x0000000080000000, 0x0000000084300000, 0x00000000d5580000)
  object space 68608K, 78% used [0x0000000080000000,0x00000000834d58f0,0x0000000084300000)
 Metaspace       used 66588K, committed 67968K, reserved 1114112K
  class space    used 7177K, committed 7808K, reserved 1048576K
GC Heap History (20 events):
Event: 34.818 GC heap before
{Heap before GC invocations=33 (full 2):
 PSYoungGen      total 22016K, used 21861K [0x00000000d5580000, 0x00000000d6e80000, 0x0000000100000000)
  eden space 20992K, 99% used [0x00000000d5580000,0x00000000d69fffc8,0x00000000d6a00000)
  from space 1024K, 84% used [0x00000000d6d80000,0x00000000d6e597d8,0x00000000d6e80000)
  to   space 1024K, 0% used [0x00000000d6c80000,0x00000000d6c80000,0x00000000d6d80000)
 ParOldGen       total 68608K, used 41518K [0x0000000080000000, 0x0000000084300000, 0x00000000d5580000)
  object space 68608K, 60% used [0x0000000080000000,0x000000008288b870,0x0000000084300000)
 Metaspace       used 57554K, committed 58944K, reserved 1114112K
  class space    used 6224K, committed 6848K, reserved 1048576K
}
Event: 34.831 GC heap after
{Heap after GC invocations=33 (full 2):
 PSYoungGen      total 22016K, used 1010K [0x00000000d5580000, 0x00000000d7000000, 0x0000000100000000)
  eden space 20992K, 0% used [0x00000000d5580000,0x00000000d5580000,0x00000000d6a00000)
  from space 1024K, 98% used [0x00000000d6c80000,0x00000000d6d7ca40,0x00000000d6d80000)
  to   space 2560K, 0% used [0x00000000d6d80000,0x00000000d6d80000,0x00000000d7000000)
 ParOldGen       total 68608K, used 43133K [0x0000000080000000, 0x0000000084300000, 0x00000000d5580000)
  object space 68608K, 62% used [0x0000000080000000,0x0000000082a1f4b8,0x0000000084300000)
 Metaspace       used 57554K, committed 58944K, reserved 1114112K
  class space    used 6224K, committed 6848K, reserved 1048576K
}
Event: 36.056 GC heap before
{Heap before GC invocations=34 (full 2):
 PSYoungGen      total 22016K, used 12029K [0x00000000d5580000, 0x00000000d7000000, 0x0000000100000000)
  eden space 20992K, 52% used [0x00000000d5580000,0x00000000d6042bb8,0x00000000d6a00000)
  from space 1024K, 98% used [0x00000000d6c80000,0x00000000d6d7ca40,0x00000000d6d80000)
  to   space 2560K, 0% used [0x00000000d6d80000,0x00000000d6d80000,0x00000000d7000000)
 ParOldGen       total 68608K, used 43133K [0x0000000080000000, 0x0000000084300000, 0x00000000d5580000)
  object space 68608K, 62% used [0x0000000080000000,0x0000000082a1f4b8,0x0000000084300000)
 Metaspace       used 58313K, committed 59776K, reserved 1114112K
  class space    used 6310K, committed 6912K, reserved 1048576K
}
Event: 36.065 GC heap after
{Heap after GC invocations=34 (full 2):
 PSYoungGen      total 23040K, used 1664K [0x00000000d5580000, 0x00000000d6f80000, 0x0000000100000000)
  eden space 20992K, 0% used [0x00000000d5580000,0x00000000d5580000,0x00000000d6a00000)
  from space 2048K, 81% used [0x00000000d6d80000,0x00000000d6f203f8,0x00000000d6f80000)
  to   space 2048K, 0% used [0x00000000d6b80000,0x00000000d6b80000,0x00000000d6d80000)
 ParOldGen       total 68608K, used 44101K [0x0000000080000000, 0x0000000084300000, 0x00000000d5580000)
  object space 68608K, 64% used [0x0000000080000000,0x0000000082b11568,0x0000000084300000)
 Metaspace       used 58313K, committed 59776K, reserved 1114112K
  class space    used 6310K, committed 6912K, reserved 1048576K
}
Event: 36.065 GC heap before
{Heap before GC invocations=35 (full 3):
 PSYoungGen      total 23040K, used 1664K [0x00000000d5580000, 0x00000000d6f80000, 0x0000000100000000)
  eden space 20992K, 0% used [0x00000000d5580000,0x00000000d5580000,0x00000000d6a00000)
  from space 2048K, 81% used [0x00000000d6d80000,0x00000000d6f203f8,0x00000000d6f80000)
  to   space 2048K, 0% used [0x00000000d6b80000,0x00000000d6b80000,0x00000000d6d80000)
 ParOldGen       total 68608K, used 44101K [0x0000000080000000, 0x0000000084300000, 0x00000000d5580000)
  object space 68608K, 64% used [0x0000000080000000,0x0000000082b11568,0x0000000084300000)
 Metaspace       used 58313K, committed 59776K, reserved 1114112K
  class space    used 6310K, committed 6912K, reserved 1048576K
}
Event: 36.534 GC heap after
{Heap after GC invocations=35 (full 3):
 PSYoungGen      total 23040K, used 0K [0x00000000d5580000, 0x00000000d6f80000, 0x0000000100000000)
  eden space 20992K, 0% used [0x00000000d5580000,0x00000000d5580000,0x00000000d6a00000)
  from space 2048K, 0% used [0x00000000d6d80000,0x00000000d6d80000,0x00000000d6f80000)
  to   space 2048K, 0% used [0x00000000d6b80000,0x00000000d6b80000,0x00000000d6d80000)
 ParOldGen       total 68608K, used 42649K [0x0000000080000000, 0x0000000084300000, 0x00000000d5580000)
  object space 68608K, 62% used [0x0000000080000000,0x00000000829a64b8,0x0000000084300000)
 Metaspace       used 58234K, committed 59776K, reserved 1114112K
  class space    used 6289K, committed 6912K, reserved 1048576K
}
Event: 37.856 GC heap before
{Heap before GC invocations=36 (full 3):
 PSYoungGen      total 23040K, used 20992K [0x00000000d5580000, 0x00000000d6f80000, 0x0000000100000000)
  eden space 20992K, 100% used [0x00000000d5580000,0x00000000d6a00000,0x00000000d6a00000)
  from space 2048K, 0% used [0x00000000d6d80000,0x00000000d6d80000,0x00000000d6f80000)
  to   space 2048K, 0% used [0x00000000d6b80000,0x00000000d6b80000,0x00000000d6d80000)
 ParOldGen       total 68608K, used 42649K [0x0000000080000000, 0x0000000084300000, 0x00000000d5580000)
  object space 68608K, 62% used [0x0000000080000000,0x00000000829a64b8,0x0000000084300000)
 Metaspace       used 59790K, committed 61184K, reserved 1114112K
  class space    used 6468K, committed 7040K, reserved 1048576K
}
Event: 37.861 GC heap after
{Heap after GC invocations=36 (full 3):
 PSYoungGen      total 22528K, used 1471K [0x00000000d5580000, 0x00000000d6e00000, 0x0000000100000000)
  eden space 20992K, 0% used [0x00000000d5580000,0x00000000d5580000,0x00000000d6a00000)
  from space 1536K, 95% used [0x00000000d6b80000,0x00000000d6ceffc0,0x00000000d6d00000)
  to   space 1024K, 0% used [0x00000000d6d00000,0x00000000d6d00000,0x00000000d6e00000)
 ParOldGen       total 68608K, used 44114K [0x0000000080000000, 0x0000000084300000, 0x00000000d5580000)
  object space 68608K, 64% used [0x0000000080000000,0x0000000082b14a08,0x0000000084300000)
 Metaspace       used 59790K, committed 61184K, reserved 1114112K
  class space    used 6468K, committed 7040K, reserved 1048576K
}
Event: 38.986 GC heap before
{Heap before GC invocations=37 (full 3):
 PSYoungGen      total 22528K, used 22463K [0x00000000d5580000, 0x00000000d6e00000, 0x0000000100000000)
  eden space 20992K, 100% used [0x00000000d5580000,0x00000000d6a00000,0x00000000d6a00000)
  from space 1536K, 95% used [0x00000000d6b80000,0x00000000d6ceffc0,0x00000000d6d00000)
  to   space 1024K, 0% used [0x00000000d6d00000,0x00000000d6d00000,0x00000000d6e00000)
 ParOldGen       total 68608K, used 44114K [0x0000000080000000, 0x0000000084300000, 0x00000000d5580000)
  object space 68608K, 64% used [0x0000000080000000,0x0000000082b14a08,0x0000000084300000)
 Metaspace       used 61431K, committed 62784K, reserved 1114112K
  class space    used 6648K, committed 7232K, reserved 1048576K
}
Event: 38.993 GC heap after
{Heap after GC invocations=37 (full 3):
 PSYoungGen      total 20480K, used 1016K [0x00000000d5580000, 0x00000000d7300000, 0x0000000100000000)
  eden space 19456K, 0% used [0x00000000d5580000,0x00000000d5580000,0x00000000d6880000)
  from space 1024K, 99% used [0x00000000d6d00000,0x00000000d6dfe000,0x00000000d6e00000)
  to   space 4608K, 0% used [0x00000000d6880000,0x00000000d6880000,0x00000000d6d00000)
 ParOldGen       total 68608K, used 46933K [0x0000000080000000, 0x0000000084300000, 0x00000000d5580000)
  object space 68608K, 68% used [0x0000000080000000,0x0000000082dd5798,0x0000000084300000)
 Metaspace       used 61431K, committed 62784K, reserved 1114112K
  class space    used 6648K, committed 7232K, reserved 1048576K
}
Event: 39.809 GC heap before
{Heap before GC invocations=38 (full 3):
 PSYoungGen      total 20480K, used 20472K [0x00000000d5580000, 0x00000000d7300000, 0x0000000100000000)
  eden space 19456K, 100% used [0x00000000d5580000,0x00000000d6880000,0x00000000d6880000)
  from space 1024K, 99% used [0x00000000d6d00000,0x00000000d6dfe000,0x00000000d6e00000)
  to   space 4608K, 0% used [0x00000000d6880000,0x00000000d6880000,0x00000000d6d00000)
 ParOldGen       total 68608K, used 46933K [0x0000000080000000, 0x0000000084300000, 0x00000000d5580000)
  object space 68608K, 68% used [0x0000000080000000,0x0000000082dd5798,0x0000000084300000)
 Metaspace       used 62211K, committed 63616K, reserved 1114112K
  class space    used 6697K, committed 7296K, reserved 1048576K
}
Event: 39.817 GC heap after
{Heap after GC invocations=38 (full 3):
 PSYoungGen      total 24064K, used 4604K [0x00000000d5580000, 0x00000000d7680000, 0x0000000100000000)
  eden space 19456K, 0% used [0x00000000d5580000,0x00000000d5580000,0x00000000d6880000)
  from space 4608K, 99% used [0x00000000d6880000,0x00000000d6cff358,0x00000000d6d00000)
  to   space 7168K, 0% used [0x00000000d6f80000,0x00000000d6f80000,0x00000000d7680000)
 ParOldGen       total 68608K, used 48540K [0x0000000080000000, 0x0000000084300000, 0x00000000d5580000)
  object space 68608K, 70% used [0x0000000080000000,0x0000000082f67128,0x0000000084300000)
 Metaspace       used 62211K, committed 63616K, reserved 1114112K
  class space    used 6697K, committed 7296K, reserved 1048576K
}
Event: 40.830 GC heap before
{Heap before GC invocations=39 (full 3):
 PSYoungGen      total 24064K, used 24060K [0x00000000d5580000, 0x00000000d7680000, 0x0000000100000000)
  eden space 19456K, 100% used [0x00000000d5580000,0x00000000d6880000,0x00000000d6880000)
  from space 4608K, 99% used [0x00000000d6880000,0x00000000d6cff358,0x00000000d6d00000)
  to   space 7168K, 0% used [0x00000000d6f80000,0x00000000d6f80000,0x00000000d7680000)
 ParOldGen       total 68608K, used 48540K [0x0000000080000000, 0x0000000084300000, 0x00000000d5580000)
  object space 68608K, 70% used [0x0000000080000000,0x0000000082f67128,0x0000000084300000)
 Metaspace       used 63772K, committed 65216K, reserved 1114112K
  class space    used 6900K, committed 7552K, reserved 1048576K
}
Event: 40.884 GC heap after
{Heap after GC invocations=39 (full 3):
 PSYoungGen      total 20992K, used 1039K [0x00000000d5580000, 0x00000000d7100000, 0x0000000100000000)
  eden space 19456K, 0% used [0x00000000d5580000,0x00000000d5580000,0x00000000d6880000)
  from space 1536K, 67% used [0x00000000d6f80000,0x00000000d7083c70,0x00000000d7100000)
  to   space 3072K, 0% used [0x00000000d6b00000,0x00000000d6b00000,0x00000000d6e00000)
 ParOldGen       total 68608K, used 50794K [0x0000000080000000, 0x0000000084300000, 0x00000000d5580000)
  object space 68608K, 74% used [0x0000000080000000,0x000000008319ab10,0x0000000084300000)
 Metaspace       used 63772K, committed 65216K, reserved 1114112K
  class space    used 6900K, committed 7552K, reserved 1048576K
}
Event: 97.408 GC heap before
{Heap before GC invocations=40 (full 3):
 PSYoungGen      total 20992K, used 20495K [0x00000000d5580000, 0x00000000d7100000, 0x0000000100000000)
  eden space 19456K, 100% used [0x00000000d5580000,0x00000000d6880000,0x00000000d6880000)
  from space 1536K, 67% used [0x00000000d6f80000,0x00000000d7083c70,0x00000000d7100000)
  to   space 3072K, 0% used [0x00000000d6b00000,0x00000000d6b00000,0x00000000d6e00000)
 ParOldGen       total 68608K, used 50794K [0x0000000080000000, 0x0000000084300000, 0x00000000d5580000)
  object space 68608K, 74% used [0x0000000080000000,0x000000008319ab10,0x0000000084300000)
 Metaspace       used 64228K, committed 65664K, reserved 1114112K
  class space    used 6928K, committed 7552K, reserved 1048576K
}
Event: 97.508 GC heap after
{Heap after GC invocations=40 (full 3):
 PSYoungGen      total 22016K, used 2272K [0x00000000d5580000, 0x00000000d7000000, 0x0000000100000000)
  eden space 19456K, 0% used [0x00000000d5580000,0x00000000d5580000,0x00000000d6880000)
  from space 2560K, 88% used [0x00000000d6b00000,0x00000000d6d38000,0x00000000d6d80000)
  to   space 2560K, 0% used [0x00000000d6d80000,0x00000000d6d80000,0x00000000d7000000)
 ParOldGen       total 68608K, used 51609K [0x0000000080000000, 0x0000000084300000, 0x00000000d5580000)
  object space 68608K, 75% used [0x0000000080000000,0x0000000083266420,0x0000000084300000)
 Metaspace       used 64228K, committed 65664K, reserved 1114112K
  class space    used 6928K, committed 7552K, reserved 1048576K
}
Event: 168.362 GC heap before
{Heap before GC invocations=41 (full 3):
 PSYoungGen      total 22016K, used 21728K [0x00000000d5580000, 0x00000000d7000000, 0x0000000100000000)
  eden space 19456K, 100% used [0x00000000d5580000,0x00000000d6880000,0x00000000d6880000)
  from space 2560K, 88% used [0x00000000d6b00000,0x00000000d6d38000,0x00000000d6d80000)
  to   space 2560K, 0% used [0x00000000d6d80000,0x00000000d6d80000,0x00000000d7000000)
 ParOldGen       total 68608K, used 51609K [0x0000000080000000, 0x0000000084300000, 0x00000000d5580000)
  object space 68608K, 75% used [0x0000000080000000,0x0000000083266420,0x0000000084300000)
 Metaspace       used 65270K, committed 66752K, reserved 1114112K
  class space    used 7027K, committed 7680K, reserved 1048576K
}
Event: 168.439 GC heap after
{Heap after GC invocations=41 (full 3):
 PSYoungGen      total 20480K, used 544K [0x00000000d5580000, 0x00000000d6e80000, 0x0000000100000000)
  eden space 19456K, 0% used [0x00000000d5580000,0x00000000d5580000,0x00000000d6880000)
  from space 1024K, 53% used [0x00000000d6d80000,0x00000000d6e08000,0x00000000d6e80000)
  to   space 1536K, 0% used [0x00000000d6b80000,0x00000000d6b80000,0x00000000d6d00000)
 ParOldGen       total 68608K, used 53810K [0x0000000080000000, 0x0000000084300000, 0x00000000d5580000)
  object space 68608K, 78% used [0x0000000080000000,0x000000008348c8c0,0x0000000084300000)
 Metaspace       used 65270K, committed 66752K, reserved 1114112K
  class space    used 7027K, committed 7680K, reserved 1048576K
}
Event: 173.929 GC heap before
{Heap before GC invocations=42 (full 3):
 PSYoungGen      total 20480K, used 20000K [0x00000000d5580000, 0x00000000d6e80000, 0x0000000100000000)
  eden space 19456K, 100% used [0x00000000d5580000,0x00000000d6880000,0x00000000d6880000)
  from space 1024K, 53% used [0x00000000d6d80000,0x00000000d6e08000,0x00000000d6e80000)
  to   space 1536K, 0% used [0x00000000d6b80000,0x00000000d6b80000,0x00000000d6d00000)
 ParOldGen       total 68608K, used 53810K [0x0000000080000000, 0x0000000084300000, 0x00000000d5580000)
  object space 68608K, 78% used [0x0000000080000000,0x000000008348c8c0,0x0000000084300000)
 Metaspace       used 66474K, committed 67904K, reserved 1114112K
  class space    used 7177K, committed 7808K, reserved 1048576K
}
Event: 173.938 GC heap after
{Heap after GC invocations=42 (full 3):
 PSYoungGen      total 20992K, used 783K [0x00000000d5580000, 0x00000000d6e00000, 0x0000000100000000)
  eden space 19456K, 0% used [0x00000000d5580000,0x00000000d5580000,0x00000000d6880000)
  from space 1536K, 50% used [0x00000000d6b80000,0x00000000d6c43c58,0x00000000d6d00000)
  to   space 1024K, 0% used [0x00000000d6d00000,0x00000000d6d00000,0x00000000d6e00000)
 ParOldGen       total 68608K, used 54102K [0x0000000080000000, 0x0000000084300000, 0x00000000d5580000)
  object space 68608K, 78% used [0x0000000080000000,0x00000000834d58f0,0x0000000084300000)
 Metaspace       used 66474K, committed 67904K, reserved 1114112K
  class space    used 7177K, committed 7808K, reserved 1048576K
}

